#
# A fatal error has been detected by the Java Runtime Environment:
#
#  EXCEPTION_ACCESS_VIOLATION (0xc0000005) at pc=0x00007ff90d697d73, pid=20436, tid=14784
#
# JRE version: Java(TM) SE Runtime Environment 18.9 (11.0.12+8) (build 11.0.12+8-LTS-237)
# Java VM: Java HotSpot(TM) 64-Bit Server VM 18.9 (11.0.12+8-LTS-237, mixed mode, tiered, compressed oops, g1 gc, windows-amd64)
# Problematic frame:
# V  [jvm.dll+0x367d73]
#
# No core dump will be written. Minidumps are not enabled by default on client versions of Windows
#
# If you would like to submit a bug report, please visit:
#   https://bugreport.java.com/bugreport/crash.jsp
#

---------------  S U M M A R Y ------------

Command Line: -agentlib:jdwp=transport=dt_socket,address=127.0.0.1:52971,suspend=y,server=n -XX:TieredStopAtLevel=1 -Xverify:none -Dspring.output.ansi.enabled=always -Dcom.sun.management.jmxremote -Dspring.jmx.enabled=true -Dspring.liveBeansView.mbeanDomain -Dspring.application.admin.enabled=true -javaagent:C:\Users\GS1\AppData\Local\JetBrains\IntelliJIdea2020.1\captureAgent\debugger-agent.jar -Dfile.encoding=UTF-8 banca.uy.BancaApplication

Host: Intel(R) Core(TM) i7-8550U CPU @ 1.80GHz, 8 cores, 15G,  Windows 10 , 64 bit Build 22000 (10.0.22000.434)
Time: Tue Feb  8 14:02:30 2022 Montevideo Standard Time elapsed time: 9.091103 seconds (0d 0h 0m 9s)

---------------  T H R E A D  ---------------

Current thread (0x000002b06aae7000):  JavaThread "HandshakeCompletedNotify-Thread" [_thread_in_vm, id=14784, stack(0x000000c280b00000,0x000000c280c00000)]

Stack: [0x000000c280b00000,0x000000c280c00000],  sp=0x000000c280bff590,  free space=1021k
Native frames: (J=compiled Java code, j=interpreted, Vv=VM code, C=native code)
V  [jvm.dll+0x367d73]
V  [jvm.dll+0x617cc2]
V  [jvm.dll+0x36882a]
V  [jvm.dll+0x368ab7]
V  [jvm.dll+0x3d8a21]
V  [jvm.dll+0x716359]
V  [jvm.dll+0x70f064]
